<?xml version="1.0" encoding="UTF-8"?>
<!-- Generated by org.testng.reporters.JUnitReportReporter -->
<testsuite hostname="DESKTOP-55S6J70" failures="0" tests="2" name="tests.testng.TestOrder" time="0.004" errors="0" timestamp="2024-03-14T21:22:25 ICT" skipped="0">
  <testcase classname="tests.testng.TestOrder" name="test2" time="0.002"/>
  <system-out/>
  <testcase classname="tests.testng.TestOrder" name="test1" time="0.002"/>
  <system-out/>
</testsuite> <!-- tests.testng.TestOrder -->
