<?xml version="1.0" encoding="UTF-8"?>
<!-- Generated by org.testng.reporters.JUnitReportReporter -->
<testsuite hostname="DESKTOP-55S6J70" failures="0" tests="2" name="tests.order.computer.BuyingStandardComputerTest" time="99.415" errors="0" timestamp="2024-03-14T21:22:25 ICT" skipped="0">
  <testcase classname="tests.order.computer.BuyingStandardComputerTest" name="testStandardComputerBuying" time="77.549"/>
  <system-out/>
  <testcase classname="tests.order.computer.BuyingStandardComputerTest" name="testStandardComputerBuying" time="21.866"/>
  <system-out/>
</testsuite> <!-- tests.order.computer.BuyingStandardComputerTest -->
