<?xml version="1.0" encoding="UTF-8"?>
<!-- Generated by org.testng.reporters.JUnitReportReporter -->
<testsuite hostname="DESKTOP-55S6J70" failures="0" tests="2" name="tests.order.computer.BuyingCheapComputerTest" time="97.835" errors="0" timestamp="2024-03-14T21:22:25 ICT" skipped="0">
  <testcase classname="tests.order.computer.BuyingCheapComputerTest" name="testCheapComputerBuying" time="77.242"/>
  <system-out/>
  <testcase classname="tests.order.computer.BuyingCheapComputerTest" name="testCheapComputerBuying" time="20.593"/>
  <system-out/>
</testsuite> <!-- tests.order.computer.BuyingCheapComputerTest -->
